<?xml version="1.0" encoding="UTF-8"?>
<!-- Generated by org.testng.reporters.JUnitReportReporter -->
<testsuite hostname="WKSCHE03TRNG005" failures="0" tests="4" name="Runner.Runner" time="69.039" errors="0" timestamp="2025-06-16T12:01:27 IST" skipped="0">
  <testcase classname="Runner.Runner" name="runScenario" time="45.962"/>
  <testcase classname="Runner.Runner" name="runScenario" time="1.103"/>
  <testcase classname="Runner.Runner" name="runScenario" time="17.247"/>
  <testcase classname="Runner.Runner" name="runScenario" time="4.727"/>
</testsuite> <!-- Runner.Runner -->
